<?xml version="1.0" encoding="UTF-8"?>
<testng-results skipped="0" failed="0" total="1" passed="1">
  <reporter-output>
  </reporter-output>
  <suite name="Default suite" duration-ms="34" started-at="2019-11-12T03:39:14Z" finished-at="2019-11-12T03:39:14Z">
    <groups>
    </groups>
    <test name="Default test" duration-ms="34" started-at="2019-11-12T03:39:14Z" finished-at="2019-11-12T03:39:14Z">
      <class name="jenkins.JenkinMavenTest">
        <test-method status="PASS" signature="selem()[pri:0, instance:jenkins.JenkinMavenTest@5ae9a829]" name="selem" duration-ms="14" started-at="2019-11-11T22:39:14Z" finished-at="2019-11-11T22:39:14Z">
          <reporter-output>
          </reporter-output>
        </test-method> <!-- selem -->
      </class> <!-- jenkins.JenkinMavenTest -->
    </test> <!-- Default test -->
  </suite> <!-- Default suite -->
</testng-results>
