<?xml version="1.0" encoding="UTF-8"?>
<testng-results skipped="0" failed="0" ignored="0" total="1" passed="1">
  <reporter-output>
  </reporter-output>
  <suite name="Default suite" duration-ms="83" started-at="2019-11-13T00:07:39Z" finished-at="2019-11-13T00:07:39Z">
    <groups>
    </groups>
    <test name="Default test" duration-ms="83" started-at="2019-11-13T00:07:39Z" finished-at="2019-11-13T00:07:39Z">
      <class name="jenkins.sortTest">
        <test-method status="PASS" signature="sorting()[pri:0, instance:jenkins.sortTest@6767c1fc]" name="sorting" duration-ms="24" started-at="2019-11-13T00:07:39Z" finished-at="2019-11-13T00:07:39Z">
          <reporter-output>
          </reporter-output>
        </test-method> <!-- sorting -->
      </class> <!-- jenkins.sortTest -->
    </test> <!-- Default test -->
  </suite> <!-- Default suite -->
</testng-results>
